2022-05-25T12:25:02.026+0530 INFO Opening the WebApplication
2022-05-25T12:25:12.359+0530 INFO Successfully Opened the Web Application
2022-05-25T12:25:12.370+0530 INFO Signing up to the application
2022-05-25T12:25:32.613+0530 INFO Signing with the New Email Address
2022-05-25T12:26:05.743+0530 INFO Successfully Signedup to the application with New Email Address
2022-05-25T12:26:05.744+0530 INFO Started Signin process with the new email address
2022-05-25T12:26:10.278+0530 INFO Successfully SignedIn to the application with the new email address
2022-05-25T12:26:10.314+0530 INFO Started Creating the Pet Profile for New User
2022-05-25T12:26:24.008+0530 INFO Provided the Details in About My Pet Section----Success
2022-05-25T12:26:24.009+0530 INFO Providing the details in More about my pet section
2022-05-25T12:26:36.217+0530 INFO Provided the Details in More About My Pet Section----Success
2022-05-25T12:26:36.218+0530 INFO Providing the details in Health & Diet Section
2022-05-25T12:27:23.054+0530 INFO Provided the details of  Health & Diet and Clicked on Confirm Button----Success
2022-05-25T12:27:23.054+0530 INFO Providing the Vet details
2022-05-25T12:28:11.743+0530 INFO Provided the Vet Details and clicked on Submit Button----Success
2022-05-25T12:28:11.743+0530 INFO Successfully Completed the Pet Profile for the New User
2022-05-25T12:28:24.155+0530 INFO NewUser is successfully signed out
2022-05-25T12:28:42.462+0530 INFO Successfully Signed Up with the Existing User
2022-05-25T16:30:52.418+0530 INFO Opening the WebApplication
2022-05-25T16:31:01.293+0530 INFO Successfully Opened the Web Application
2022-05-25T16:31:01.303+0530 INFO Signing up to the application
2022-05-25T16:31:21.751+0530 INFO Signing with the New Email Address
2022-05-25T16:31:54.914+0530 INFO Successfully Signedup to the application with New Email Address
2022-05-25T16:31:54.914+0530 INFO Started Signin process with the new email address
2022-05-25T16:31:59.422+0530 INFO Successfully SignedIn to the application with the new email address
2022-05-25T16:31:59.457+0530 INFO Started Creating the Pet Profile for New User
2022-05-25T16:33:35.120+0530 INFO Opening the WebApplication
2022-05-25T16:33:42.499+0530 INFO Successfully Opened the Web Application
2022-05-25T16:33:42.509+0530 INFO Signing up to the application
2022-05-25T16:34:03.092+0530 INFO Signing with the New Email Address
2022-05-25T16:34:36.243+0530 INFO Successfully Signedup to the application with New Email Address
2022-05-25T16:34:36.244+0530 INFO Started Signin process with the new email address
2022-05-25T16:34:40.885+0530 INFO Successfully SignedIn to the application with the new email address
2022-05-25T16:34:40.917+0530 INFO Started Creating the Pet Profile for New User
2022-05-25T16:35:15.367+0530 INFO Provided the Details in About My Pet Section----Success
2022-05-25T16:35:15.367+0530 INFO Providing the details in More about my pet section
2022-05-25T16:35:28.551+0530 INFO Provided the Details in More About My Pet Section----Success
2022-05-25T16:35:28.551+0530 INFO Providing the details in Health & Diet Section
2022-05-25T16:36:15.589+0530 INFO Provided the details of  Health & Diet and Clicked on Confirm Button----Success
2022-05-25T16:36:15.589+0530 INFO Providing the Vet details
2022-05-25T16:37:04.314+0530 INFO Provided the Vet Details and clicked on Submit Button----Success
2022-05-25T16:37:04.314+0530 INFO Successfully Completed the Pet Profile for the New User
2022-05-25T16:44:25.497+0530 INFO Opening the WebApplication
2022-05-25T16:44:35.459+0530 INFO Successfully Opened the Web Application
2022-05-25T16:44:35.468+0530 INFO Signing up to the application
2022-05-25T16:44:55.764+0530 INFO Signing with the New Email Address
2022-05-25T16:45:28.966+0530 INFO Successfully Signedup to the application with New Email Address
2022-05-25T16:45:28.966+0530 INFO Started Signin process with the new email address
2022-05-25T16:45:33.504+0530 INFO Successfully SignedIn to the application with the new email address
2022-05-25T16:45:33.541+0530 INFO Started Creating the Pet Profile for New User
2022-05-25T16:46:26.349+0530 INFO Provided the Details in About My Pet Section----Success
2022-05-25T16:46:26.349+0530 INFO Providing the details in More about my pet section
2022-05-25T16:46:39.087+0530 INFO Provided the Details in More About My Pet Section----Success
2022-05-25T16:46:39.087+0530 INFO Providing the details in Health & Diet Section
2022-05-25T16:47:25.798+0530 INFO Provided the details of  Health & Diet and Clicked on Confirm Button----Success
2022-05-25T16:47:25.798+0530 INFO Providing the Vet details
2022-05-25T16:48:14.276+0530 INFO Provided the Vet Details and clicked on Submit Button----Success
2022-05-25T16:48:14.276+0530 INFO Successfully Completed the Pet Profile for the New User
2022-05-25T19:22:52.645+0530 INFO Opening the WebApplication
2022-05-25T19:23:01.247+0530 INFO Successfully Opened the Web Application
2022-05-25T19:23:01.256+0530 INFO Signing up to the application
2022-05-25T19:23:21.583+0530 INFO Signing with the New Email Address
2022-05-25T19:23:54.803+0530 INFO Successfully Signedup to the application with New Email Address
2022-05-25T19:23:54.803+0530 INFO Started Signin process with the new email address
2022-05-25T19:23:59.303+0530 INFO Successfully SignedIn to the application with the new email address
2022-05-25T19:23:59.334+0530 INFO Started Creating the Pet Profile for New User
2022-05-25T19:24:52.491+0530 INFO Provided the Details in About My Pet Section----Success
2022-05-25T19:24:52.491+0530 INFO Providing the details in More about my pet section
2022-05-25T19:25:05.446+0530 INFO Provided the Details in More About My Pet Section----Success
2022-05-25T19:25:05.446+0530 INFO Providing the details in Health & Diet Section
2022-05-25T19:25:52.402+0530 INFO Provided the details of  Health & Diet and Clicked on Confirm Button----Success
2022-05-25T19:25:52.402+0530 INFO Providing the Vet details
2022-05-25T19:26:41.078+0530 INFO Provided the Vet Details and clicked on Submit Button----Success
2022-05-25T19:26:41.078+0530 INFO Successfully Completed the Pet Profile for the New User
2022-05-25T19:26:53.451+0530 INFO NewUser is successfully signed out
2022-05-25T19:27:10.725+0530 INFO Successfully Signed Up with the Existing User
